0 info it worked if it ends with ok
1 verbose cli [
1 verbose cli   'C:\\Program Files\\nodejs\\node.exe',
1 verbose cli   'C:\\Program Files\\nodejs\\node_modules\\npm\\bin\\npm-cli.js',
1 verbose cli   'run',
1 verbose cli   'test',
1 verbose cli   '--no-cache'
1 verbose cli ]
2 info using npm@6.14.4
3 info using node@v12.16.3
4 verbose run-script [ 'pretest', 'test', 'posttest' ]
5 info lifecycle typebody@1.0.0~pretest: typebody@1.0.0
6 info lifecycle typebody@1.0.0~test: typebody@1.0.0
7 verbose lifecycle typebody@1.0.0~test: unsafe-perm in lifecycle true
8 verbose lifecycle typebody@1.0.0~test: PATH: C:\Program Files\nodejs\node_modules\npm\node_modules\npm-lifecycle\node-gyp-bin;C:\Users\Medina\Desktop\backupCodigo\typebody\node_modules\.bin;C:\Python27\;C:\Python27\Scripts;C:\Windows\system32;C:\Windows;C:\Windows\System32\Wbem;C:\Windows\System32\WindowsPowerShell\v1.0\;C:\Windows\System32\OpenSSH\;C:\Program Files\nodejs\;C:\Program Files (x86)\Yarn\bin\;C:\Program Files (x86)\NVIDIA Corporation\PhysX\Common;C:\Program Files\NVIDIA Corporation\NVIDIA NvDLISR;C:\ProgramData\chocolatey\bin;C:\Program Files\Java\jdk1.8.0_211\bin;C:\Program Files\Git\cmd;C:\Program Files\Docker\Docker\resources\bin;C:\ProgramData\DockerDesktop\version-bin;C:\Program Files\Amazon\AWSCLIV2\;%SystemRoot%\system32;%SystemRoot%;%SystemRoot%\System32\Wbem;%SYSTEMROOT%\System32\WindowsPowerShell\v1.0\;%SYSTEMROOT%\System32\OpenSSH\;C:\Users\Medina\AppData\Local\Microsoft\WindowsApps;C:\Users\Medina\AppData\Roaming\npm;C:\Users\Medina\AppData\Local\Yarn\bin;C:\Users\Medina\AppData\Local\Programs\Microsoft VS Code\bin;C:\Users\Medina\AppData\Local\Android\Sdk\emulator;C:\Users\Medina\AppData\Local\Android\Sdk\tools;C:\Users\Medina\AppData\Local\Android\Sdk\tools\bin;C:\Users\Medina\AppData\Local\Android\Sdk\platform-tools;
9 verbose lifecycle typebody@1.0.0~test: CWD: C:\Users\Medina\Desktop\backupCodigo\typebody
10 silly lifecycle typebody@1.0.0~test: Args: [ '/d /s /c', 'jest --passWithNoTests' ]
11 silly lifecycle typebody@1.0.0~test: Returned: code: 1  signal: null
12 info lifecycle typebody@1.0.0~test: Failed to exec test script
13 verbose stack Error: typebody@1.0.0 test: `jest --passWithNoTests`
13 verbose stack Exit status 1
13 verbose stack     at EventEmitter.<anonymous> (C:\Program Files\nodejs\node_modules\npm\node_modules\npm-lifecycle\index.js:332:16)
13 verbose stack     at EventEmitter.emit (events.js:310:20)
13 verbose stack     at ChildProcess.<anonymous> (C:\Program Files\nodejs\node_modules\npm\node_modules\npm-lifecycle\lib\spawn.js:55:14)
13 verbose stack     at ChildProcess.emit (events.js:310:20)
13 verbose stack     at maybeClose (internal/child_process.js:1021:16)
13 verbose stack     at Process.ChildProcess._handle.onexit (internal/child_process.js:286:5)
14 verbose pkgid typebody@1.0.0
15 verbose cwd C:\Users\Medina\Desktop\backupCodigo\typebody
16 verbose Windows_NT 10.0.20161
17 verbose argv "C:\\Program Files\\nodejs\\node.exe" "C:\\Program Files\\nodejs\\node_modules\\npm\\bin\\npm-cli.js" "run" "test" "--no-cache"
18 verbose node v12.16.3
19 verbose npm  v6.14.4
20 error code ELIFECYCLE
21 error errno 1
22 error typebody@1.0.0 test: `jest --passWithNoTests`
22 error Exit status 1
23 error Failed at the typebody@1.0.0 test script.
23 error This is probably not a problem with npm. There is likely additional logging output above.
24 verbose exit [ 1, true ]
